{"/Users/pck/development/source/moph/api/line-login/line-login-nodejs/src/config/line.ts": {"path":"/Users/pck/development/source/moph/api/line-login/line-login-nodejs/src/config/line.ts","statementMap":{"0":{"start":{"line":1,"column":0},"end":{"line":1,"column":28}},"1":{"start":{"line":3,"column":0},"end":{"line":3,"column":16}},"2":{"start":{"line":13,"column":41},"end":{"line":19,"column":2}},"3":{"start":{"line":21,"column":0},"end":{"line":21,"column":31}}},"fnMap":{},"branchMap":{},"s":{"0":1,"1":1,"2":1,"3":1},"f":{},"b":{}}
,"/Users/pck/development/source/moph/api/line-login/line-login-nodejs/src/controllers/authController.ts": {"path":"/Users/pck/development/source/moph/api/line-login/line-login-nodejs/src/controllers/authController.ts","statementMap":{"0":{"start":{"line":2,"column":0},"end":{"line":2,"column":26}},"1":{"start":{"line":3,"column":0},"end":{"line":3,"column":40}},"2":{"start":{"line":31,"column":21},"end":{"line":55,"column":1}},"3":{"start":{"line":32,"column":2},"end":{"line":54,"column":3}},"4":{"start":{"line":34,"column":18},"end":{"line":34,"column":57}},"5":{"start":{"line":35,"column":18},"end":{"line":35,"column":57}},"6":{"start":{"line":38,"column":4},"end":{"line":38,"column":30}},"7":{"start":{"line":39,"column":4},"end":{"line":39,"column":30}},"8":{"start":{"line":41,"column":25},"end":{"line":41,"column":71}},"9":{"start":{"line":42,"column":19},"end":{"line":49,"column":6}},"10":{"start":{"line":51,"column":4},"end":{"line":51,"column":57}},"11":{"start":{"line":53,"column":4},"end":{"line":53,"column":16}},"12":{"start":{"line":31,"column":13},"end":{"line":31,"column":21}},"13":{"start":{"line":57,"column":24},"end":{"line":107,"column":2}},"14":{"start":{"line":57,"column":97},"end":{"line":107,"column":2}},"15":{"start":{"line":58,"column":2},"end":{"line":106,"column":3}},"16":{"start":{"line":59,"column":28},"end":{"line":59,"column":37}},"17":{"start":{"line":62,"column":4},"end":{"line":66,"column":5}},"18":{"start":{"line":63,"column":20},"end":{"line":63,"column":63}},"19":{"start":{"line":64,"column":6},"end":{"line":64,"column":25}},"20":{"start":{"line":65,"column":6},"end":{"line":65,"column":18}},"21":{"start":{"line":69,"column":26},"end":{"line":82,"column":null}},"22":{"start":{"line":85,"column":29},"end":{"line":85,"column":47}},"23":{"start":{"line":88,"column":28},"end":{"line":94,"column":null}},"24":{"start":{"line":97,"column":24},"end":{"line":97,"column":44}},"25":{"start":{"line":100,"column":4},"end":{"line":100,"column":35}},"26":{"start":{"line":103,"column":4},"end":{"line":103,"column":34}},"27":{"start":{"line":105,"column":4},"end":{"line":105,"column":16}},"28":{"start":{"line":57,"column":13},"end":{"line":57,"column":24}},"29":{"start":{"line":109,"column":23},"end":{"line":120,"column":1}},"30":{"start":{"line":110,"column":2},"end":{"line":119,"column":3}},"31":{"start":{"line":111,"column":4},"end":{"line":114,"column":5}},"32":{"start":{"line":112,"column":6},"end":{"line":112,"column":24}},"33":{"start":{"line":113,"column":6},"end":{"line":113,"column":13}},"34":{"start":{"line":116,"column":4},"end":{"line":116,"column":54}},"35":{"start":{"line":118,"column":4},"end":{"line":118,"column":16}},"36":{"start":{"line":109,"column":13},"end":{"line":109,"column":23}},"37":{"start":{"line":122,"column":22},"end":{"line":133,"column":1}},"38":{"start":{"line":123,"column":2},"end":{"line":132,"column":3}},"39":{"start":{"line":124,"column":4},"end":{"line":129,"column":7}},"40":{"start":{"line":125,"column":6},"end":{"line":127,"column":7}},"41":{"start":{"line":126,"column":8},"end":{"line":126,"column":25}},"42":{"start":{"line":128,"column":6},"end":{"line":128,"column":24}},"43":{"start":{"line":131,"column":4},"end":{"line":131,"column":16}},"44":{"start":{"line":122,"column":13},"end":{"line":122,"column":22}}},"fnMap":{"0":{"name":"(anonymous_8)","decl":{"start":{"line":31,"column":21},"end":{"line":31,"column":22}},"loc":{"start":{"line":31,"column":79},"end":{"line":55,"column":1}}},"1":{"name":"(anonymous_9)","decl":{"start":{"line":57,"column":24},"end":{"line":57,"column":31}},"loc":{"start":{"line":57,"column":97},"end":{"line":107,"column":2}}},"2":{"name":"(anonymous_10)","decl":{"start":{"line":57,"column":97},"end":{"line":57,"column":null}},"loc":{"start":{"line":57,"column":97},"end":{"line":107,"column":1}}},"3":{"name":"(anonymous_11)","decl":{"start":{"line":109,"column":23},"end":{"line":109,"column":24}},"loc":{"start":{"line":109,"column":81},"end":{"line":120,"column":1}}},"4":{"name":"(anonymous_12)","decl":{"start":{"line":122,"column":22},"end":{"line":122,"column":23}},"loc":{"start":{"line":122,"column":80},"end":{"line":133,"column":1}}},"5":{"name":"(anonymous_13)","decl":{"start":{"line":124,"column":24},"end":{"line":124,"column":25}},"loc":{"start":{"line":124,"column":32},"end":{"line":129,"column":5}}}},"branchMap":{"0":{"loc":{"start":{"line":44,"column":17},"end":{"line":44,"column":43}},"type":"binary-expr","locations":[{"start":{"line":44,"column":17},"end":{"line":44,"column":37}},{"start":{"line":44,"column":41},"end":{"line":44,"column":43}}]},"1":{"loc":{"start":{"line":45,"column":20},"end":{"line":45,"column":48}},"type":"binary-expr","locations":[{"start":{"line":45,"column":20},"end":{"line":45,"column":42}},{"start":{"line":45,"column":46},"end":{"line":45,"column":48}}]},"2":{"loc":{"start":{"line":62,"column":4},"end":{"line":66,"column":5}},"type":"if","locations":[{"start":{"line":62,"column":4},"end":{"line":66,"column":5}}]},"3":{"loc":{"start":{"line":74,"column":22},"end":{"line":74,"column":50}},"type":"binary-expr","locations":[{"start":{"line":74,"column":22},"end":{"line":74,"column":44}},{"start":{"line":74,"column":48},"end":{"line":74,"column":50}}]},"4":{"loc":{"start":{"line":75,"column":19},"end":{"line":75,"column":45}},"type":"binary-expr","locations":[{"start":{"line":75,"column":19},"end":{"line":75,"column":39}},{"start":{"line":75,"column":43},"end":{"line":75,"column":45}}]},"5":{"loc":{"start":{"line":76,"column":23},"end":{"line":76,"column":53}},"type":"binary-expr","locations":[{"start":{"line":76,"column":23},"end":{"line":76,"column":47}},{"start":{"line":76,"column":51},"end":{"line":76,"column":53}}]},"6":{"loc":{"start":{"line":111,"column":4},"end":{"line":114,"column":5}},"type":"if","locations":[{"start":{"line":111,"column":4},"end":{"line":114,"column":5}}]},"7":{"loc":{"start":{"line":125,"column":6},"end":{"line":127,"column":7}},"type":"if","locations":[{"start":{"line":125,"column":6},"end":{"line":127,"column":7}}]}},"s":{"0":1,"1":1,"2":1,"3":0,"4":0,"5":0,"6":0,"7":0,"8":0,"9":0,"10":0,"11":0,"12":1,"13":1,"14":0,"15":0,"16":0,"17":0,"18":0,"19":0,"20":0,"21":0,"22":0,"23":0,"24":0,"25":0,"26":0,"27":0,"28":1,"29":1,"30":0,"31":0,"32":0,"33":0,"34":0,"35":0,"36":1,"37":1,"38":0,"39":0,"40":0,"41":0,"42":0,"43":0,"44":1},"f":{"0":0,"1":0,"2":0,"3":0,"4":0,"5":0},"b":{"0":[0,0],"1":[0,0],"2":[0],"3":[0,0],"4":[0,0],"5":[0,0],"6":[0],"7":[0]}}
,"/Users/pck/development/source/moph/api/line-login/line-login-nodejs/src/middleware/auth.ts": {"path":"/Users/pck/development/source/moph/api/line-login/line-login-nodejs/src/middleware/auth.ts","statementMap":{"0":{"start":{"line":2,"column":0},"end":{"line":2,"column":31}},"1":{"start":{"line":3,"column":0},"end":{"line":3,"column":33}},"2":{"start":{"line":12,"column":20},"end":{"line":12,"column":62}},"3":{"start":{"line":14,"column":31},"end":{"line":33,"column":2}},"4":{"start":{"line":14,"column":104},"end":{"line":33,"column":2}},"5":{"start":{"line":15,"column":2},"end":{"line":32,"column":3}},"6":{"start":{"line":16,"column":18},"end":{"line":16,"column":36}},"7":{"start":{"line":18,"column":4},"end":{"line":21,"column":5}},"8":{"start":{"line":19,"column":6},"end":{"line":19,"column":34}},"9":{"start":{"line":20,"column":6},"end":{"line":20,"column":13}},"10":{"start":{"line":23,"column":4},"end":{"line":29,"column":5}},"11":{"start":{"line":24,"column":22},"end":{"line":24,"column":76}},"12":{"start":{"line":25,"column":6},"end":{"line":25,"column":25}},"13":{"start":{"line":26,"column":6},"end":{"line":26,"column":13}},"14":{"start":{"line":28,"column":6},"end":{"line":28,"column":34}},"15":{"start":{"line":31,"column":4},"end":{"line":31,"column":16}},"16":{"start":{"line":14,"column":13},"end":{"line":14,"column":31}},"17":{"start":{"line":36,"column":28},"end":{"line":46,"column":1}},"18":{"start":{"line":37,"column":2},"end":{"line":45,"column":3}},"19":{"start":{"line":38,"column":4},"end":{"line":42,"column":5}},"20":{"start":{"line":39,"column":6},"end":{"line":39,"column":13}},"21":{"start":{"line":41,"column":6},"end":{"line":41,"column":24}},"22":{"start":{"line":44,"column":4},"end":{"line":44,"column":16}},"23":{"start":{"line":36,"column":13},"end":{"line":36,"column":28}}},"fnMap":{"0":{"name":"(anonymous_8)","decl":{"start":{"line":14,"column":31},"end":{"line":14,"column":38}},"loc":{"start":{"line":14,"column":104},"end":{"line":33,"column":2}}},"1":{"name":"(anonymous_9)","decl":{"start":{"line":14,"column":104},"end":{"line":14,"column":null}},"loc":{"start":{"line":14,"column":104},"end":{"line":33,"column":1}}},"2":{"name":"(anonymous_10)","decl":{"start":{"line":36,"column":28},"end":{"line":36,"column":29}},"loc":{"start":{"line":36,"column":86},"end":{"line":46,"column":1}}}},"branchMap":{"0":{"loc":{"start":{"line":16,"column":18},"end":{"line":16,"column":36}},"type":"cond-expr","locations":[{"start":{"line":16,"column":29},"end":{"line":16,"column":31}},{"start":{"line":16,"column":29},"end":{"line":16,"column":36}}]},"1":{"loc":{"start":{"line":16,"column":18},"end":{"line":16,"column":31}},"type":"binary-expr","locations":[{"start":{"line":16,"column":18},"end":{"line":16,"column":31}},{"start":{"line":16,"column":29},"end":{"line":16,"column":31}}]},"2":{"loc":{"start":{"line":18,"column":4},"end":{"line":21,"column":5}},"type":"if","locations":[{"start":{"line":18,"column":4},"end":{"line":21,"column":5}}]},"3":{"loc":{"start":{"line":24,"column":47},"end":{"line":24,"column":75}},"type":"binary-expr","locations":[{"start":{"line":24,"column":47},"end":{"line":24,"column":69}},{"start":{"line":24,"column":73},"end":{"line":24,"column":75}}]},"4":{"loc":{"start":{"line":38,"column":4},"end":{"line":42,"column":5}},"type":"if","locations":[{"start":{"line":38,"column":4},"end":{"line":42,"column":5}},{"start":{"line":40,"column":11},"end":{"line":42,"column":5}}]},"5":{"loc":{"start":{"line":38,"column":8},"end":{"line":38,"column":39}},"type":"binary-expr","locations":[{"start":{"line":38,"column":8},"end":{"line":38,"column":19}},{"start":{"line":38,"column":23},"end":{"line":38,"column":39}}]}},"s":{"0":1,"1":1,"2":1,"3":1,"4":0,"5":0,"6":0,"7":0,"8":0,"9":0,"10":0,"11":0,"12":0,"13":0,"14":0,"15":0,"16":1,"17":1,"18":0,"19":0,"20":0,"21":0,"22":0,"23":1},"f":{"0":0,"1":0,"2":0},"b":{"0":[0,0],"1":[0,0],"2":[0],"3":[0,0],"4":[0,0],"5":[0,0]}}
,"/Users/pck/development/source/moph/api/line-login/line-login-nodejs/src/middleware/security.ts": {"path":"/Users/pck/development/source/moph/api/line-login/line-login-nodejs/src/middleware/security.ts","statementMap":{"0":{"start":{"line":2,"column":0},"end":{"line":2,"column":47}},"1":{"start":{"line":5,"column":13},"end":{"line":11,"column":3}},"2":{"start":{"line":14,"column":13},"end":{"line":20,"column":3}},"3":{"start":{"line":23,"column":30},"end":{"line":38,"column":1}},"4":{"start":{"line":25,"column":17},"end":{"line":25,"column":58}},"5":{"start":{"line":26,"column":25},"end":{"line":26,"column":73}},"6":{"start":{"line":29,"column":2},"end":{"line":35,"column":3}},"7":{"start":{"line":30,"column":4},"end":{"line":34,"column":5}},"8":{"start":{"line":30,"column":51},"end":{"line":30,"column":77}},"9":{"start":{"line":31,"column":20},"end":{"line":31,"column":62}},"10":{"start":{"line":32,"column":6},"end":{"line":32,"column":25}},"11":{"start":{"line":33,"column":6},"end":{"line":33,"column":25}},"12":{"start":{"line":37,"column":2},"end":{"line":37,"column":9}},"13":{"start":{"line":23,"column":13},"end":{"line":23,"column":30}},"14":{"start":{"line":42,"column":37},"end":{"line":48,"column":1}},"15":{"start":{"line":43,"column":2},"end":{"line":46,"column":4}},"16":{"start":{"line":47,"column":2},"end":{"line":47,"column":9}},"17":{"start":{"line":42,"column":13},"end":{"line":42,"column":37}},"18":{"start":{"line":51,"column":31},"end":{"line":67,"column":1}},"19":{"start":{"line":53,"column":2},"end":{"line":53,"column":53}},"20":{"start":{"line":56,"column":2},"end":{"line":56,"column":43}},"21":{"start":{"line":59,"column":2},"end":{"line":59,"column":50}},"22":{"start":{"line":62,"column":2},"end":{"line":62,"column":90}},"23":{"start":{"line":63,"column":2},"end":{"line":63,"column":38}},"24":{"start":{"line":64,"column":2},"end":{"line":64,"column":32}},"25":{"start":{"line":66,"column":2},"end":{"line":66,"column":9}},"26":{"start":{"line":51,"column":13},"end":{"line":51,"column":31}}},"fnMap":{"0":{"name":"(anonymous_0)","decl":{"start":{"line":23,"column":30},"end":{"line":23,"column":31}},"loc":{"start":{"line":23,"column":88},"end":{"line":38,"column":1}}},"1":{"name":"(anonymous_1)","decl":{"start":{"line":30,"column":40},"end":{"line":30,"column":47}},"loc":{"start":{"line":30,"column":51},"end":{"line":30,"column":77}}},"2":{"name":"(anonymous_2)","decl":{"start":{"line":42,"column":37},"end":{"line":42,"column":38}},"loc":{"start":{"line":42,"column":95},"end":{"line":48,"column":1}}},"3":{"name":"(anonymous_3)","decl":{"start":{"line":51,"column":31},"end":{"line":51,"column":32}},"loc":{"start":{"line":51,"column":89},"end":{"line":67,"column":1}}}},"branchMap":{"0":{"loc":{"start":{"line":25,"column":17},"end":{"line":25,"column":58}},"type":"binary-expr","locations":[{"start":{"line":25,"column":17},"end":{"line":25,"column":35}},{"start":{"line":25,"column":39},"end":{"line":25,"column":58}}]},"1":{"loc":{"start":{"line":26,"column":26},"end":{"line":26,"column":72}},"type":"binary-expr","locations":[{"start":{"line":26,"column":26},"end":{"line":26,"column":45}},{"start":{"line":26,"column":49},"end":{"line":26,"column":72}}]},"2":{"loc":{"start":{"line":29,"column":2},"end":{"line":35,"column":3}},"type":"if","locations":[{"start":{"line":29,"column":2},"end":{"line":35,"column":3}}]},"3":{"loc":{"start":{"line":30,"column":4},"end":{"line":34,"column":5}},"type":"if","locations":[{"start":{"line":30,"column":4},"end":{"line":34,"column":5}}]},"4":{"loc":{"start":{"line":30,"column":8},"end":{"line":30,"column":78}},"type":"binary-expr","locations":[{"start":{"line":30,"column":8},"end":{"line":30,"column":15}},{"start":{"line":30,"column":19},"end":{"line":30,"column":78}}]}},"s":{"0":1,"1":1,"2":1,"3":1,"4":0,"5":0,"6":0,"7":0,"8":0,"9":0,"10":0,"11":0,"12":0,"13":1,"14":1,"15":0,"16":0,"17":1,"18":1,"19":0,"20":0,"21":0,"22":0,"23":0,"24":0,"25":0,"26":1},"f":{"0":0,"1":0,"2":0,"3":0},"b":{"0":[0,0],"1":[0,0],"2":[0],"3":[0],"4":[0,0]}}
,"/Users/pck/development/source/moph/api/line-login/line-login-nodejs/src/routes/auth.ts": {"path":"/Users/pck/development/source/moph/api/line-login/line-login-nodejs/src/routes/auth.ts","statementMap":{"0":{"start":{"line":1,"column":0},"end":{"line":1,"column":30}},"1":{"start":{"line":2,"column":0},"end":{"line":2,"column":64}},"2":{"start":{"line":3,"column":0},"end":{"line":3,"column":50}},"3":{"start":{"line":4,"column":0},"end":{"line":4,"column":57}},"4":{"start":{"line":6,"column":15},"end":{"line":6,"column":31}},"5":{"start":{"line":9,"column":0},"end":{"line":9,"column":60}},"6":{"start":{"line":12,"column":0},"end":{"line":12,"column":49}},"7":{"start":{"line":15,"column":0},"end":{"line":15,"column":61}},"8":{"start":{"line":18,"column":0},"end":{"line":18,"column":45}},"9":{"start":{"line":20,"column":0},"end":{"line":20,"column":22}}},"fnMap":{},"branchMap":{},"s":{"0":1,"1":1,"2":1,"3":1,"4":1,"5":1,"6":1,"7":1,"8":1,"9":1},"f":{},"b":{}}
}
